[ 2017-06-01T04:10:42+08:00 ] ::1 /resource/index.php?m=Admin&c=Account&a=delete&ids%5B%5D=7&ids%5B%5D=8
INFO: [ app_begin ] --START--
INFO: Run Behavior\ReadHtmlCacheBehavior [ RunTime:0.000690s ]
INFO: [ app_begin ] --END-- [ RunTime:0.001119s ]
SQL: SHOW COLUMNS FROM `res_managers` [ RunTime:0.0005s ]
SQL: SELECT `role_id` FROM `res_managers` WHERE `mg_id` = 6 LIMIT 1   [ RunTime:0.0002s ]
SQL: SHOW COLUMNS FROM `res_roles` [ RunTime:0.0004s ]
SQL: SELECT `pow_ac` FROM `res_roles` WHERE `role_id` = 2 LIMIT 1   [ RunTime:0.0001s ]
SQL: SELECT `role_id` FROM `res_managers` WHERE `mg_id` = 6 LIMIT 1   [ RunTime:0.0001s ]
SQL: SELECT `pow_ids` FROM `res_roles` WHERE `role_id` = 2 LIMIT 1   [ RunTime:0.0001s ]
SQL: SHOW COLUMNS FROM `res_powers` [ RunTime:0.0004s ]
SQL: SELECT * FROM `res_powers` WHERE `pow_id` = 1 LIMIT 1   [ RunTime:0.0001s ]
SQL: SELECT * FROM `res_powers` WHERE `pow_id` = 12 LIMIT 1   [ RunTime:0.0002s ]
SQL: SELECT * FROM `res_powers` WHERE `pow_id` = 13 LIMIT 1   [ RunTime:0.0002s ]
SQL: SELECT * FROM `res_powers` WHERE `pow_id` = 38 LIMIT 1   [ RunTime:0.0001s ]
SQL: SELECT * FROM `res_powers` WHERE `pow_id` = 2 LIMIT 1   [ RunTime:0.0001s ]
SQL: SELECT * FROM `res_powers` WHERE `pow_id` = 3 LIMIT 1   [ RunTime:0.0001s ]
SQL: SELECT * FROM `res_powers` WHERE `pow_id` = 14 LIMIT 1   [ RunTime:0.0002s ]
SQL: SELECT * FROM `res_powers` WHERE `pow_id` = 15 LIMIT 1   [ RunTime:0.0001s ]
SQL: SELECT * FROM `res_powers` WHERE `pow_id` = 4 LIMIT 1   [ RunTime:0.0001s ]
SQL: SELECT * FROM `res_powers` WHERE `pow_id` = 16 LIMIT 1   [ RunTime:0.0001s ]
SQL: SELECT * FROM `res_powers` WHERE `pow_id` = 17 LIMIT 1   [ RunTime:0.0001s ]
SQL: SELECT * FROM `res_powers` WHERE `pow_id` = 5 LIMIT 1   [ RunTime:0.0002s ]
SQL: SELECT * FROM `res_powers` WHERE `pow_id` = 18 LIMIT 1   [ RunTime:0.0002s ]
SQL: SELECT * FROM `res_powers` WHERE `pow_id` = 19 LIMIT 1   [ RunTime:0.0001s ]
SQL: SELECT * FROM `res_powers` WHERE `pow_id` = 6 LIMIT 1   [ RunTime:0.0001s ]
SQL: SELECT * FROM `res_powers` WHERE `pow_id` = 20 LIMIT 1   [ RunTime:0.0002s ]
SQL: SELECT * FROM `res_powers` WHERE `pow_id` = 21 LIMIT 1   [ RunTime:0.0001s ]
SQL: SELECT * FROM `res_powers` WHERE `pow_id` = 7 LIMIT 1   [ RunTime:0.0002s ]
SQL: SELECT * FROM `res_powers` WHERE `pow_id` = 22 LIMIT 1   [ RunTime:0.0001s ]
SQL: SELECT * FROM `res_powers` WHERE `pow_id` = 23 LIMIT 1   [ RunTime:0.0001s ]
SQL: SELECT * FROM `res_powers` WHERE `pow_id` = 8 LIMIT 1   [ RunTime:0.0001s ]
SQL: SELECT * FROM `res_powers` WHERE `pow_id` = 9 LIMIT 1   [ RunTime:0.0002s ]
SQL: SELECT * FROM `res_powers` WHERE `pow_id` = 37 LIMIT 1   [ RunTime:0.0002s ]
SQL: SELECT * FROM `res_powers` WHERE `pow_id` = 32 LIMIT 1   [ RunTime:0.0001s ]
SQL: SELECT * FROM `res_powers` WHERE `pow_id` = 34 LIMIT 1   [ RunTime:0.0001s ]
SQL: SELECT * FROM `res_powers` WHERE `pow_id` = 35 LIMIT 1   [ RunTime:0.0001s ]
SQL: SELECT * FROM `res_powers` WHERE `pow_id` = 36 LIMIT 1   [ RunTime:0.0001s ]
SQL: SELECT * FROM `res_powers` WHERE `pow_id` = 24 LIMIT 1   [ RunTime:0.0001s ]
SQL: SELECT * FROM `res_powers` WHERE `pow_id` = 39 LIMIT 1   [ RunTime:0.0001s ]
SQL: SELECT * FROM `res_powers` WHERE `pow_id` = 40 LIMIT 1   [ RunTime:0.0002s ]
SQL: SHOW COLUMNS FROM `res_accounts` [ RunTime:0.0005s ]
SQL: DELETE FROM `res_accounts` WHERE `id` = 7 [ RunTime:0.0682s ]
SQL: DELETE FROM `res_accounts` WHERE `id` = 8 [ RunTime:0.0336s ]
INFO: [ app_end ] --START--
INFO: Run Behavior\ShowPageTraceBehavior [ RunTime:0.000714s ]
INFO: [ app_end ] --END-- [ RunTime:0.000852s ]

[ 2017-06-01T04:10:48+08:00 ] ::1 /resource/index.php?m=Admin&c=Account&a=add
ERR: 1146:Table 'identity_manager_uni.user_account_manager' doesn't exist
 [ SQL语句 ] : SHOW COLUMNS FROM `identity_manager_uni`.`user_account_manager`

